This file contains any messages produced by compilers while
running configure, to aid debugging if configure makes a mistake.

It was created by jellyfish configure 2.2.9, which was
generated by GNU Autoconf 2.69.  Invocation command line was

  $ ./configure 

## --------- ##
## Platform. ##
## --------- ##

hostname = anatoliy-X556UQ
uname -m = x86_64
uname -r = 4.4.0-77-generic
uname -s = Linux
uname -v = #98-Ubuntu SMP Wed Apr 26 08:34:02 UTC 2017

/usr/bin/uname -p = unknown
/bin/uname -X     = unknown

/bin/arch              = unknown
/usr/bin/arch -k       = unknown
/usr/convex/getsysinfo = unknown
/usr/bin/hostinfo      = unknown
/bin/machine           = unknown
/usr/bin/oslevel       = unknown
/bin/universe          = unknown

PATH: /home/anatoliy/Downloads/google-cloud-sdk/bin
PATH: /home/anatoliy/.rvm/gems/ruby-2.4.1/bin
PATH: /home/anatoliy/.rvm/gems/ruby-2.4.1@global/bin
PATH: /home/anatoliy/.rvm/rubies/ruby-2.4.1/bin
PATH: /home/anatoliy/bin
PATH: /home/anatoliy/.local/bin
PATH: /usr/local/sbin
PATH: /usr/local/bin
PATH: /usr/sbin
PATH: /usr/bin
PATH: /sbin
PATH: /bin
PATH: /usr/games
PATH: /usr/local/games
PATH: /home/anatoliy/.rvm/bin
PATH: /home/anatoliy/Sdk/tools
PATH: /home/anatoliy/Sdk/platform-tools
PATH: /home/anatoliy/.rvm/bin
PATH: /usr/local/cuda/bin
PATH: /usr/local/cuda-8.0/bin


## ----------- ##
## Core tests. ##
## ----------- ##

configure:2561: checking build system type
configure:2575: result: x86_64-pc-linux-gnu
configure:2595: checking host system type
configure:2608: result: x86_64-pc-linux-gnu
configure:2645: checking for a BSD-compatible install
configure:2713: result: /usr/bin/install -c
configure:2724: checking whether build environment is sane
configure:2779: result: yes
configure:2930: checking for a thread-safe mkdir -p
configure:2969: result: /bin/mkdir -p
configure:2976: checking for gawk
configure:2992: found /usr/bin/gawk
configure:3003: result: gawk
configure:3014: checking whether make sets $(MAKE)
configure:3036: result: yes
configure:3065: checking whether make supports nested variables
configure:3082: result: yes
configure:3219: checking whether make supports nested variables
configure:3236: result: yes
configure:3296: checking how to print strings
configure:3323: result: printf
configure:3356: checking for style of include used by make
configure:3384: result: GNU
configure:3455: checking for gcc
configure:3471: found /usr/bin/gcc
configure:3482: result: gcc
configure:3711: checking for C compiler version
configure:3720: gcc --version >&5
gcc (Ubuntu 5.4.0-6ubuntu1~16.04.9) 5.4.0 20160609
Copyright (C) 2015 Free Software Foundation, Inc.
This is free software; see the source for copying conditions.  There is NO
warranty; not even for MERCHANTABILITY or FITNESS FOR A PARTICULAR PURPOSE.

configure:3731: $? = 0
configure:3720: gcc -v >&5
Using built-in specs.
COLLECT_GCC=gcc
COLLECT_LTO_WRAPPER=/usr/lib/gcc/x86_64-linux-gnu/5/lto-wrapper
Target: x86_64-linux-gnu
Configured with: ../src/configure -v --with-pkgversion='Ubuntu 5.4.0-6ubuntu1~16.04.9' --with-bugurl=file:///usr/share/doc/gcc-5/README.Bugs --enable-languages=c,ada,c++,java,go,d,fortran,objc,obj-c++ --prefix=/usr --program-suffix=-5 --enable-shared --enable-linker-build-id --libexecdir=/usr/lib --without-included-gettext --enable-threads=posix --libdir=/usr/lib --enable-nls --with-sysroot=/ --enable-clocale=gnu --enable-libstdcxx-debug --enable-libstdcxx-time=yes --with-default-libstdcxx-abi=new --enable-gnu-unique-object --disable-vtable-verify --enable-libmpx --enable-plugin --with-system-zlib --disable-browser-plugin --enable-java-awt=gtk --enable-gtk-cairo --with-java-home=/usr/lib/jvm/java-1.5.0-gcj-5-amd64/jre --enable-java-home --with-jvm-root-dir=/usr/lib/jvm/java-1.5.0-gcj-5-amd64 --with-jvm-jar-dir=/usr/lib/jvm-exports/java-1.5.0-gcj-5-amd64 --with-arch-directory=amd64 --with-ecj-jar=/usr/share/java/eclipse-ecj.jar --enable-objc-gc --enable-multiarch --disable-werror --with-arch-32=i686 --with-abi=m64 --with-multilib-list=m32,m64,mx32 --enable-multilib --with-tune=generic --enable-checking=release --build=x86_64-linux-gnu --host=x86_64-linux-gnu --target=x86_64-linux-gnu
Thread model: posix
gcc version 5.4.0 20160609 (Ubuntu 5.4.0-6ubuntu1~16.04.9) 
configure:3731: $? = 0
configure:3720: gcc -V >&5
gcc: error: unrecognized command line option '-V'
gcc: fatal error: no input files
compilation terminated.
configure:3731: $? = 1
configure:3720: gcc -qversion >&5
gcc: error: unrecognized command line option '-qversion'
gcc: fatal error: no input files
compilation terminated.
configure:3731: $? = 1
configure:3751: checking whether the C compiler works
configure:3773: gcc    conftest.c  >&5
configure:3777: $? = 0
configure:3825: result: yes
configure:3828: checking for C compiler default output file name
configure:3830: result: a.out
configure:3836: checking for suffix of executables
configure:3843: gcc -o conftest    conftest.c  >&5
configure:3847: $? = 0
configure:3869: result: 
configure:3891: checking whether we are cross compiling
configure:3899: gcc -o conftest    conftest.c  >&5
configure:3903: $? = 0
configure:3910: ./conftest
configure:3914: $? = 0
configure:3929: result: no
configure:3934: checking for suffix of object files
configure:3956: gcc -c   conftest.c >&5
configure:3960: $? = 0
configure:3981: result: o
configure:3985: checking whether we are using the GNU C compiler
configure:4004: gcc -c   conftest.c >&5
configure:4004: $? = 0
configure:4013: result: yes
configure:4022: checking whether gcc accepts -g
configure:4042: gcc -c -g  conftest.c >&5
configure:4042: $? = 0
configure:4083: result: yes
configure:4100: checking for gcc option to accept ISO C89
configure:4163: gcc  -c -g -O2  conftest.c >&5
configure:4163: $? = 0
configure:4176: result: none needed
configure:4201: checking whether gcc understands -c and -o together
configure:4223: gcc -c conftest.c -o conftest2.o
configure:4226: $? = 0
configure:4223: gcc -c conftest.c -o conftest2.o
configure:4226: $? = 0
configure:4238: result: yes
configure:4257: checking dependency style of gcc
configure:4368: result: gcc3
configure:4383: checking for a sed that does not truncate output
configure:4447: result: /bin/sed
configure:4465: checking for grep that handles long lines and -e
configure:4523: result: /bin/grep
configure:4528: checking for egrep
configure:4590: result: /bin/grep -E
configure:4595: checking for fgrep
configure:4657: result: /bin/grep -F
configure:4692: checking for ld used by gcc
configure:4759: result: /usr/bin/ld
configure:4766: checking if the linker (/usr/bin/ld) is GNU ld
configure:4781: result: yes
configure:4793: checking for BSD- or MS-compatible name lister (nm)
configure:4847: result: /usr/bin/nm -B
configure:4977: checking the name lister (/usr/bin/nm -B) interface
configure:4984: gcc -c -g -O2  conftest.c >&5
configure:4987: /usr/bin/nm -B "conftest.o"
configure:4990: output
0000000000000000 B some_variable
configure:4997: result: BSD nm
configure:5000: checking whether ln -s works
configure:5004: result: yes
configure:5012: checking the maximum length of command line arguments
configure:5143: result: 1572864
configure:5191: checking how to convert x86_64-pc-linux-gnu file names to x86_64-pc-linux-gnu format
configure:5231: result: func_convert_file_noop
configure:5238: checking how to convert x86_64-pc-linux-gnu file names to toolchain format
configure:5258: result: func_convert_file_noop
configure:5265: checking for /usr/bin/ld option to reload object files
configure:5272: result: -r
configure:5346: checking for objdump
configure:5362: found /usr/bin/objdump
configure:5373: result: objdump
configure:5405: checking how to recognize dependent libraries
configure:5605: result: pass_all
configure:5690: checking for dlltool
configure:5720: result: no
configure:5750: checking how to associate runtime and link libraries
configure:5777: result: printf %s\n
configure:5838: checking for ar
configure:5854: found /usr/bin/ar
configure:5865: result: ar
configure:5918: checking for archiver @FILE support
configure:5935: gcc -c -g -O2  conftest.c >&5
configure:5935: $? = 0
configure:5938: ar cr libconftest.a @conftest.lst >&5
configure:5941: $? = 0
configure:5946: ar cr libconftest.a @conftest.lst >&5
ar: conftest.o: No such file or directory
configure:5949: $? = 1
configure:5961: result: @
configure:6019: checking for strip
configure:6035: found /usr/bin/strip
configure:6046: result: strip
configure:6118: checking for ranlib
configure:6134: found /usr/bin/ranlib
configure:6145: result: ranlib
configure:6247: checking command to parse /usr/bin/nm -B output from gcc object
configure:6400: gcc -c -g -O2  conftest.c >&5
configure:6403: $? = 0
configure:6407: /usr/bin/nm -B conftest.o \| sed -n -e 's/^.*[ ]\([ABCDGIRSTW][ABCDGIRSTW]*\)[ ][ ]*\([_A-Za-z][_A-Za-z0-9]*\)$/\1 \2 \2/p' | sed '/ __gnu_lto/d' \> conftest.nm
configure:6410: $? = 0
configure:6476: gcc -o conftest -g -O2   conftest.c conftstm.o >&5
configure:6479: $? = 0
configure:6517: result: ok
configure:6564: checking for sysroot
configure:6594: result: no
configure:6601: checking for a working dd
configure:6639: result: /bin/dd
configure:6643: checking how to truncate binary pipes
configure:6658: result: /bin/dd bs=4096 count=1
configure:6794: gcc -c -g -O2  conftest.c >&5
configure:6797: $? = 0
configure:6987: checking for mt
configure:7003: found /bin/mt
configure:7014: result: mt
configure:7037: checking if mt is a manifest tool
configure:7043: mt '-?'
configure:7051: result: no
configure:7728: checking how to run the C preprocessor
configure:7759: gcc -E  conftest.c
configure:7759: $? = 0
configure:7773: gcc -E  conftest.c
conftest.c:11:28: fatal error: ac_nonexistent.h: No such file or directory
compilation terminated.
configure:7773: $? = 1
configure: failed program was:
| /* confdefs.h */
| #define PACKAGE_NAME "jellyfish"
| #define PACKAGE_TARNAME "jellyfish"
| #define PACKAGE_VERSION "2.2.9"
| #define PACKAGE_STRING "jellyfish 2.2.9"
| #define PACKAGE_BUGREPORT "gmarcais@umd.edu"
| #define PACKAGE_URL ""
| #define PACKAGE "jellyfish"
| #define VERSION "2.2.9"
| /* end confdefs.h.  */
| #include <ac_nonexistent.h>
configure:7798: result: gcc -E
configure:7818: gcc -E  conftest.c
configure:7818: $? = 0
configure:7832: gcc -E  conftest.c
conftest.c:11:28: fatal error: ac_nonexistent.h: No such file or directory
compilation terminated.
configure:7832: $? = 1
configure: failed program was:
| /* confdefs.h */
| #define PACKAGE_NAME "jellyfish"
| #define PACKAGE_TARNAME "jellyfish"
| #define PACKAGE_VERSION "2.2.9"
| #define PACKAGE_STRING "jellyfish 2.2.9"
| #define PACKAGE_BUGREPORT "gmarcais@umd.edu"
| #define PACKAGE_URL ""
| #define PACKAGE "jellyfish"
| #define VERSION "2.2.9"
| /* end confdefs.h.  */
| #include <ac_nonexistent.h>
configure:7861: checking for ANSI C header files
configure:7881: gcc -c -g -O2  conftest.c >&5
configure:7881: $? = 0
configure:7954: gcc -o conftest -g -O2   conftest.c  >&5
configure:7954: $? = 0
configure:7954: ./conftest
configure:7954: $? = 0
configure:7965: result: yes
configure:7978: checking for sys/types.h
configure:7978: gcc -c -g -O2  conftest.c >&5
configure:7978: $? = 0
configure:7978: result: yes
configure:7978: checking for sys/stat.h
configure:7978: gcc -c -g -O2  conftest.c >&5
configure:7978: $? = 0
configure:7978: result: yes
configure:7978: checking for stdlib.h
configure:7978: gcc -c -g -O2  conftest.c >&5
configure:7978: $? = 0
configure:7978: result: yes
configure:7978: checking for string.h
configure:7978: gcc -c -g -O2  conftest.c >&5
configure:7978: $? = 0
configure:7978: result: yes
configure:7978: checking for memory.h
configure:7978: gcc -c -g -O2  conftest.c >&5
configure:7978: $? = 0
configure:7978: result: yes
configure:7978: checking for strings.h
configure:7978: gcc -c -g -O2  conftest.c >&5
configure:7978: $? = 0
configure:7978: result: yes
configure:7978: checking for inttypes.h
configure:7978: gcc -c -g -O2  conftest.c >&5
configure:7978: $? = 0
configure:7978: result: yes
configure:7978: checking for stdint.h
configure:7978: gcc -c -g -O2  conftest.c >&5
configure:7978: $? = 0
configure:7978: result: yes
configure:7978: checking for unistd.h
configure:7978: gcc -c -g -O2  conftest.c >&5
configure:7978: $? = 0
configure:7978: result: yes
configure:7992: checking for dlfcn.h
configure:7992: gcc -c -g -O2  conftest.c >&5
configure:7992: $? = 0
configure:7992: result: yes
configure:8248: checking for objdir
configure:8263: result: .libs
configure:8527: checking if gcc supports -fno-rtti -fno-exceptions
configure:8545: gcc -c -g -O2  -fno-rtti -fno-exceptions conftest.c >&5
cc1: warning: command line option '-fno-rtti' is valid for C++/ObjC++ but not for C
configure:8549: $? = 0
configure:8562: result: no
configure:8920: checking for gcc option to produce PIC
configure:8927: result: -fPIC -DPIC
configure:8935: checking if gcc PIC flag -fPIC -DPIC works
configure:8953: gcc -c -g -O2  -fPIC -DPIC -DPIC conftest.c >&5
configure:8957: $? = 0
configure:8970: result: yes
configure:8999: checking if gcc static flag -static works
configure:9027: result: yes
configure:9042: checking if gcc supports -c -o file.o
configure:9063: gcc -c -g -O2  -o out/conftest2.o conftest.c >&5
configure:9067: $? = 0
configure:9089: result: yes
configure:9097: checking if gcc supports -c -o file.o
configure:9144: result: yes
configure:9177: checking whether the gcc linker (/usr/bin/ld -m elf_x86_64) supports shared libraries
configure:10438: result: yes
configure:10475: checking whether -lc should be explicitly linked in
configure:10483: gcc -c -g -O2  conftest.c >&5
configure:10486: $? = 0
configure:10501: gcc -shared  -fPIC -DPIC conftest.o  -v -Wl,-soname -Wl,conftest -o conftest 2\>\&1 \| /bin/grep  -lc  \>/dev/null 2\>\&1
configure:10504: $? = 0
configure:10518: result: no
configure:10678: checking dynamic linker characteristics
configure:11259: gcc -o conftest -g -O2   -Wl,-rpath -Wl,/foo conftest.c  >&5
configure:11259: $? = 0
configure:11496: result: GNU/Linux ld.so
configure:11618: checking how to hardcode library paths into programs
configure:11643: result: immediate
configure:12191: checking whether stripping libraries is possible
configure:12200: result: yes
configure:12242: checking if libtool supports shared libraries
configure:12244: result: yes
configure:12247: checking whether to build shared libraries
configure:12272: result: yes
configure:12275: checking whether to build static libraries
configure:12279: result: yes
configure:12341: checking for ld used by gcc
configure:12408: result: /usr/bin/ld -m elf_x86_64
configure:12415: checking if the linker (/usr/bin/ld -m elf_x86_64) is GNU ld
configure:12430: result: yes
configure:12437: checking for shared library run path origin
configure:12450: result: done
configure:12523: checking for pkg-config
configure:12541: found /usr/bin/pkg-config
configure:12553: result: /usr/bin/pkg-config
configure:12578: checking pkg-config is at least version 0.9.0
configure:12581: result: yes
configure:12655: checking for g++
configure:12671: found /usr/bin/g++
configure:12682: result: g++
configure:12709: checking for C++ compiler version
configure:12718: g++ --version >&5
g++ (Ubuntu 5.4.0-6ubuntu1~16.04.9) 5.4.0 20160609
Copyright (C) 2015 Free Software Foundation, Inc.
This is free software; see the source for copying conditions.  There is NO
warranty; not even for MERCHANTABILITY or FITNESS FOR A PARTICULAR PURPOSE.

configure:12729: $? = 0
configure:12718: g++ -v >&5
Using built-in specs.
COLLECT_GCC=g++
COLLECT_LTO_WRAPPER=/usr/lib/gcc/x86_64-linux-gnu/5/lto-wrapper
Target: x86_64-linux-gnu
Configured with: ../src/configure -v --with-pkgversion='Ubuntu 5.4.0-6ubuntu1~16.04.9' --with-bugurl=file:///usr/share/doc/gcc-5/README.Bugs --enable-languages=c,ada,c++,java,go,d,fortran,objc,obj-c++ --prefix=/usr --program-suffix=-5 --enable-shared --enable-linker-build-id --libexecdir=/usr/lib --without-included-gettext --enable-threads=posix --libdir=/usr/lib --enable-nls --with-sysroot=/ --enable-clocale=gnu --enable-libstdcxx-debug --enable-libstdcxx-time=yes --with-default-libstdcxx-abi=new --enable-gnu-unique-object --disable-vtable-verify --enable-libmpx --enable-plugin --with-system-zlib --disable-browser-plugin --enable-java-awt=gtk --enable-gtk-cairo --with-java-home=/usr/lib/jvm/java-1.5.0-gcj-5-amd64/jre --enable-java-home --with-jvm-root-dir=/usr/lib/jvm/java-1.5.0-gcj-5-amd64 --with-jvm-jar-dir=/usr/lib/jvm-exports/java-1.5.0-gcj-5-amd64 --with-arch-directory=amd64 --with-ecj-jar=/usr/share/java/eclipse-ecj.jar --enable-objc-gc --enable-multiarch --disable-werror --with-arch-32=i686 --with-abi=m64 --with-multilib-list=m32,m64,mx32 --enable-multilib --with-tune=generic --enable-checking=release --build=x86_64-linux-gnu --host=x86_64-linux-gnu --target=x86_64-linux-gnu
Thread model: posix
gcc version 5.4.0 20160609 (Ubuntu 5.4.0-6ubuntu1~16.04.9) 
configure:12729: $? = 0
configure:12718: g++ -V >&5
g++: error: unrecognized command line option '-V'
g++: fatal error: no input files
compilation terminated.
configure:12729: $? = 1
configure:12718: g++ -qversion >&5
g++: error: unrecognized command line option '-qversion'
g++: fatal error: no input files
compilation terminated.
configure:12729: $? = 1
configure:12733: checking whether we are using the GNU C++ compiler
configure:12752: g++ -c   conftest.cpp >&5
configure:12752: $? = 0
configure:12761: result: yes
configure:12770: checking whether g++ accepts -g
configure:12790: g++ -c -g  conftest.cpp >&5
configure:12790: $? = 0
configure:12831: result: yes
configure:12856: checking dependency style of g++
configure:12967: result: gcc3
configure:13000: checking how to run the C++ preprocessor
configure:13027: g++ -E  conftest.cpp
configure:13027: $? = 0
configure:13041: g++ -E  conftest.cpp
conftest.cpp:23:28: fatal error: ac_nonexistent.h: No such file or directory
compilation terminated.
configure:13041: $? = 1
configure: failed program was:
| /* confdefs.h */
| #define PACKAGE_NAME "jellyfish"
| #define PACKAGE_TARNAME "jellyfish"
| #define PACKAGE_VERSION "2.2.9"
| #define PACKAGE_STRING "jellyfish 2.2.9"
| #define PACKAGE_BUGREPORT "gmarcais@umd.edu"
| #define PACKAGE_URL ""
| #define PACKAGE "jellyfish"
| #define VERSION "2.2.9"
| #define STDC_HEADERS 1
| #define HAVE_SYS_TYPES_H 1
| #define HAVE_SYS_STAT_H 1
| #define HAVE_STDLIB_H 1
| #define HAVE_STRING_H 1
| #define HAVE_MEMORY_H 1
| #define HAVE_STRINGS_H 1
| #define HAVE_INTTYPES_H 1
| #define HAVE_STDINT_H 1
| #define HAVE_UNISTD_H 1
| #define HAVE_DLFCN_H 1
| #define LT_OBJDIR ".libs/"
| /* end confdefs.h.  */
| #include <ac_nonexistent.h>
configure:13066: result: g++ -E
configure:13086: g++ -E  conftest.cpp
configure:13086: $? = 0
configure:13100: g++ -E  conftest.cpp
conftest.cpp:23:28: fatal error: ac_nonexistent.h: No such file or directory
compilation terminated.
configure:13100: $? = 1
configure: failed program was:
| /* confdefs.h */
| #define PACKAGE_NAME "jellyfish"
| #define PACKAGE_TARNAME "jellyfish"
| #define PACKAGE_VERSION "2.2.9"
| #define PACKAGE_STRING "jellyfish 2.2.9"
| #define PACKAGE_BUGREPORT "gmarcais@umd.edu"
| #define PACKAGE_URL ""
| #define PACKAGE "jellyfish"
| #define VERSION "2.2.9"
| #define STDC_HEADERS 1
| #define HAVE_SYS_TYPES_H 1
| #define HAVE_SYS_STAT_H 1
| #define HAVE_STDLIB_H 1
| #define HAVE_STRING_H 1
| #define HAVE_MEMORY_H 1
| #define HAVE_STRINGS_H 1
| #define HAVE_INTTYPES_H 1
| #define HAVE_STDINT_H 1
| #define HAVE_UNISTD_H 1
| #define HAVE_DLFCN_H 1
| #define LT_OBJDIR ".libs/"
| /* end confdefs.h.  */
| #include <ac_nonexistent.h>
configure:13262: checking for ld used by g++
configure:13329: result: /usr/bin/ld -m elf_x86_64
configure:13336: checking if the linker (/usr/bin/ld -m elf_x86_64) is GNU ld
configure:13351: result: yes
configure:13406: checking whether the g++ linker (/usr/bin/ld -m elf_x86_64) supports shared libraries
configure:14480: result: yes
configure:14516: g++ -c -g -O2  conftest.cpp >&5
configure:14519: $? = 0
configure:15000: checking for g++ option to produce PIC
configure:15007: result: -fPIC -DPIC
configure:15015: checking if g++ PIC flag -fPIC -DPIC works
configure:15033: g++ -c -g -O2  -fPIC -DPIC -DPIC conftest.cpp >&5
configure:15037: $? = 0
configure:15050: result: yes
configure:15073: checking if g++ static flag -static works
configure:15101: result: yes
configure:15113: checking if g++ supports -c -o file.o
configure:15134: g++ -c -g -O2  -o out/conftest2.o conftest.cpp >&5
configure:15138: $? = 0
configure:15160: result: yes
configure:15165: checking if g++ supports -c -o file.o
configure:15212: result: yes
configure:15242: checking whether the g++ linker (/usr/bin/ld -m elf_x86_64) supports shared libraries
configure:15282: result: yes
configure:15423: checking dynamic linker characteristics
configure:16168: result: GNU/Linux ld.so
configure:16233: checking how to hardcode library paths into programs
configure:16258: result: immediate
configure:16384: checking for htslib
configure:16391: $PKG_CONFIG --exists --print-errors "htslib"
Package htslib was not found in the pkg-config search path.
Perhaps you should add the directory containing `htslib.pc'
to the PKG_CONFIG_PATH environment variable
No package 'htslib' found
configure:16394: $? = 1
configure:16408: $PKG_CONFIG --exists --print-errors "htslib"
Package htslib was not found in the pkg-config search path.
Perhaps you should add the directory containing `htslib.pc'
to the PKG_CONFIG_PATH environment variable
No package 'htslib' found
configure:16411: $? = 1
configure:16425: result: no
No package 'htslib' found
configure:16521: checking for samtools
configure:16554: result: no
configure:16566: checking for md5sum
configure:16582: found /usr/bin/md5sum
configure:16593: result: md5sum
configure:16650: checking for yaggo
configure:16681: result: false
configure:16711: checking for x86 cpuid  output
configure:16743: gcc -o conftest -g -O2   conftest.c  >&5
conftest.c: In function 'main':
conftest.c:28:15: error: expected expression before ',' token
      int op = , level = 0, eax, ebx, ecx, edx;
               ^
configure:16743: $? = 1
configure: program exited with status 1
configure: failed program was:
| /* confdefs.h */
| #define PACKAGE_NAME "jellyfish"
| #define PACKAGE_TARNAME "jellyfish"
| #define PACKAGE_VERSION "2.2.9"
| #define PACKAGE_STRING "jellyfish 2.2.9"
| #define PACKAGE_BUGREPORT "gmarcais@umd.edu"
| #define PACKAGE_URL ""
| #define PACKAGE "jellyfish"
| #define VERSION "2.2.9"
| #define STDC_HEADERS 1
| #define HAVE_SYS_TYPES_H 1
| #define HAVE_SYS_STAT_H 1
| #define HAVE_STDLIB_H 1
| #define HAVE_STRING_H 1
| #define HAVE_MEMORY_H 1
| #define HAVE_STRINGS_H 1
| #define HAVE_INTTYPES_H 1
| #define HAVE_STDINT_H 1
| #define HAVE_UNISTD_H 1
| #define HAVE_DLFCN_H 1
| #define LT_OBJDIR ".libs/"
| /* end confdefs.h.  */
| #include <stdio.h>
| int
| main ()
| {
| 
|      int op = , level = 0, eax, ebx, ecx, edx;
|      FILE *f;
|       __asm__ __volatile__ ("xchg %%ebx, %1\n"
|         "cpuid\n"
|         "xchg %%ebx, %1\n"
|         : "=a" (eax), "=r" (ebx), "=c" (ecx), "=d" (edx)
|         : "a" (op), "2" (level));
| 
|      f = fopen("conftest_cpuid", "w"); if (!f) return 1;
|      fprintf(f, "%x:%x:%x:%x\n", eax, ebx, ecx, edx);
|      fclose(f);
|      return 0;
| 
|   ;
|   return 0;
| }
configure:16753: result: unknown
configure:16770: checking for x86-AVX xgetbv  output
configure:16800: gcc -o conftest -g -O2   conftest.c  >&5
conftest.c: In function 'main':
conftest.c:28:15: error: expected expression before ',' token
      int op = , eax, edx;
               ^
configure:16800: $? = 1
configure: program exited with status 1
configure: failed program was:
| /* confdefs.h */
| #define PACKAGE_NAME "jellyfish"
| #define PACKAGE_TARNAME "jellyfish"
| #define PACKAGE_VERSION "2.2.9"
| #define PACKAGE_STRING "jellyfish 2.2.9"
| #define PACKAGE_BUGREPORT "gmarcais@umd.edu"
| #define PACKAGE_URL ""
| #define PACKAGE "jellyfish"
| #define VERSION "2.2.9"
| #define STDC_HEADERS 1
| #define HAVE_SYS_TYPES_H 1
| #define HAVE_SYS_STAT_H 1
| #define HAVE_STDLIB_H 1
| #define HAVE_STRING_H 1
| #define HAVE_MEMORY_H 1
| #define HAVE_STRINGS_H 1
| #define HAVE_INTTYPES_H 1
| #define HAVE_STDINT_H 1
| #define HAVE_UNISTD_H 1
| #define HAVE_DLFCN_H 1
| #define LT_OBJDIR ".libs/"
| /* end confdefs.h.  */
| #include <stdio.h>
| int
| main ()
| {
| 
|      int op = , eax, edx;
|      FILE *f;
|       /* Opcodes for xgetbv */
|       __asm__ __volatile__ (".byte 0x0f, 0x01, 0xd0"
|         : "=a" (eax), "=d" (edx)
|         : "c" (op));
|      f = fopen("conftest_xgetbv", "w"); if (!f) return 1;
|      fprintf(f, "%x:%x\n", eax, edx);
|      fclose(f);
|      return 0;
| 
|   ;
|   return 0;
| }
configure:16810: result: unknown
configure:17011: checking for x86 cpuid 0x00000000 output
configure:17043: gcc -o conftest -g -O2   conftest.c  >&5
configure:17043: $? = 0
configure:17043: ./conftest
configure:17043: $? = 0
configure:17053: result: 16:756e6547:6c65746e:49656e69
configure:17076: checking for x86 cpuid 0x80000000 output
configure:17108: gcc -o conftest -g -O2   conftest.c  >&5
configure:17108: $? = 0
configure:17108: ./conftest
configure:17108: $? = 0
configure:17118: result: 80000008:0:0:0
configure:17143: checking for x86 cpuid 0x00000001 output
configure:17175: gcc -o conftest -g -O2   conftest.c  >&5
configure:17175: $? = 0
configure:17175: ./conftest
configure:17175: $? = 0
configure:17185: result: 406e3:3100800:7ffafbbf:bfebfbff
configure:17212: checking for x86 cpuid 0x00000007 output
configure:17244: gcc -o conftest -g -O2   conftest.c  >&5
configure:17244: $? = 0
configure:17244: ./conftest
configure:17244: $? = 0
configure:17254: result: 0:29c67af:0:0
configure:17280: checking for x86 cpuid 0x80000001 output
configure:17312: gcc -o conftest -g -O2   conftest.c  >&5
configure:17312: $? = 0
configure:17312: ./conftest
configure:17312: $? = 0
configure:17322: result: 0:0:121:2c100800
configure:17381: gcc -o conftest -g -O2   conftest.c  >&5
configure:17381: $? = 0
configure:17381: ./conftest
configure:17381: $? = 0
configure:17410: checking for x86-AVX xgetbv 0x00000000 output
configure:17440: gcc -o conftest -g -O2   conftest.c  >&5
configure:17440: $? = 0
configure:17440: ./conftest
configure:17440: $? = 0
configure:17450: result: 1f:0
configure:17504: checking whether RDRND is supported by the processor
configure:17517: result: yes
configure:17521: checking whether RDRND is supported by the processor and OS
configure:17534: result: yes
configure:17539: checking whether C++ compiler accepts -mrdrnd
configure:17558: g++ -c -std=c++11 -g -O2  -mrdrnd  conftest.cpp >&5
configure:17558: $? = 0
configure:17567: result: yes
configure:17504: checking whether BMI1 is supported by the processor
configure:17517: result: yes
configure:17521: checking whether BMI1 is supported by the processor and OS
configure:17534: result: yes
configure:17539: checking whether C++ compiler accepts -mbmi
configure:17558: g++ -c -std=c++11 -g -O2  -mbmi  conftest.cpp >&5
configure:17558: $? = 0
configure:17567: result: yes
configure:17504: checking whether BMI2 is supported by the processor
configure:17517: result: yes
configure:17521: checking whether BMI2 is supported by the processor and OS
configure:17534: result: yes
configure:17539: checking whether C++ compiler accepts -mbmi2
configure:17558: g++ -c -std=c++11 -g -O2  -mbmi2  conftest.cpp >&5
configure:17558: $? = 0
configure:17567: result: yes
configure:17504: checking whether ADX is supported by the processor
configure:17517: result: yes
configure:17521: checking whether ADX is supported by the processor and OS
configure:17534: result: yes
configure:17539: checking whether C++ compiler accepts -madx
configure:17558: g++ -c -std=c++11 -g -O2  -madx  conftest.cpp >&5
configure:17558: $? = 0
configure:17567: result: yes
configure:17504: checking whether MPX is supported by the processor
configure:17517: result: yes
configure:17521: checking whether MPX is supported by the processor and OS
configure:17534: result: yes
configure:17539: checking whether C++ compiler accepts -mmpx
configure:17558: g++ -c -std=c++11 -g -O2  -mmpx  conftest.cpp >&5
configure:17558: $? = 0
configure:17567: result: yes
configure:17504: checking whether PREFETCHWT1 is supported by the processor
configure:17517: result: no
configure:17504: checking whether ABM is supported by the processor
configure:17517: result: yes
configure:17521: checking whether ABM is supported by the processor and OS
configure:17534: result: yes
configure:17539: checking whether C++ compiler accepts -mabm
configure:17558: g++ -c -std=c++11 -g -O2  -mabm  conftest.cpp >&5
configure:17558: $? = 0
configure:17567: result: yes
configure:17504: checking whether MMX is supported by the processor
configure:17517: result: yes
configure:17521: checking whether MMX is supported by the processor and OS
configure:17534: result: yes
configure:17539: checking whether C++ compiler accepts -mmmx
configure:17558: g++ -c -std=c++11 -g -O2  -mmmx  conftest.cpp >&5
configure:17558: $? = 0
configure:17567: result: yes
configure:17504: checking whether SSE is supported by the processor
configure:17517: result: yes
configure:17521: checking whether SSE is supported by the processor and OS
configure:17534: result: yes
configure:17539: checking whether C++ compiler accepts -msse
configure:17558: g++ -c -std=c++11 -g -O2  -msse  conftest.cpp >&5
configure:17558: $? = 0
configure:17567: result: yes
configure:17504: checking whether SSE2 is supported by the processor
configure:17517: result: yes
configure:17521: checking whether SSE2 is supported by the processor and OS
configure:17534: result: yes
configure:17539: checking whether C++ compiler accepts -msse2
configure:17558: g++ -c -std=c++11 -g -O2  -msse2  conftest.cpp >&5
configure:17558: $? = 0
configure:17567: result: yes
configure:17504: checking whether SSE3 is supported by the processor
configure:17517: result: yes
configure:17521: checking whether SSE3 is supported by the processor and OS
configure:17534: result: yes
configure:17539: checking whether C++ compiler accepts -msse3
configure:17558: g++ -c -std=c++11 -g -O2  -msse3  conftest.cpp >&5
configure:17558: $? = 0
configure:17567: result: yes
configure:17504: checking whether SSSE3 is supported by the processor
configure:17517: result: yes
configure:17521: checking whether SSSE3 is supported by the processor and OS
configure:17534: result: yes
configure:17539: checking whether C++ compiler accepts -mssse3
configure:17558: g++ -c -std=c++11 -g -O2  -mssse3  conftest.cpp >&5
configure:17558: $? = 0
configure:17567: result: yes
configure:17504: checking whether SSE4.1 is supported by the processor
configure:17517: result: yes
configure:17521: checking whether SSE4.1 is supported by the processor and OS
configure:17534: result: yes
configure:17539: checking whether C++ compiler accepts -msse4.1
configure:17558: g++ -c -std=c++11 -g -O2  -msse4.1  conftest.cpp >&5
configure:17558: $? = 0
configure:17567: result: yes
configure:17504: checking whether SSE4.2 is supported by the processor
configure:17517: result: yes
configure:17521: checking whether SSE4.2 is supported by the processor and OS
configure:17534: result: yes
configure:17539: checking whether C++ compiler accepts -msse4.2
configure:17558: g++ -c -std=c++11 -g -O2  -msse4.2  conftest.cpp >&5
configure:17558: $? = 0
configure:17567: result: yes
configure:17504: checking whether SSE4a is supported by the processor
configure:17517: result: no
configure:17504: checking whether SHA is supported by the processor
configure:17517: result: no
configure:17504: checking whether AES is supported by the processor
configure:17517: result: yes
configure:17521: checking whether AES is supported by the processor and OS
configure:17534: result: yes
configure:17539: checking whether C++ compiler accepts -maes
configure:17558: g++ -c -std=c++11 -g -O2  -maes  conftest.cpp >&5
configure:17558: $? = 0
configure:17567: result: yes
configure:17504: checking whether AVX is supported by the processor
configure:17517: result: yes
configure:17521: checking whether AVX is supported by the processor and OS
configure:17534: result: yes
configure:17539: checking whether C++ compiler accepts -mavx
configure:17558: g++ -c -std=c++11 -g -O2  -mavx  conftest.cpp >&5
configure:17558: $? = 0
configure:17567: result: yes
configure:17504: checking whether FMA3 is supported by the processor
configure:17517: result: yes
configure:17521: checking whether FMA3 is supported by the processor and OS
configure:17534: result: yes
configure:17539: checking whether C++ compiler accepts -mfma
configure:17558: g++ -c -std=c++11 -g -O2  -mfma  conftest.cpp >&5
configure:17558: $? = 0
configure:17567: result: yes
configure:17504: checking whether FMA4 is supported by the processor
configure:17517: result: no
configure:17504: checking whether XOP is supported by the processor
configure:17517: result: no
configure:17504: checking whether AVX2 is supported by the processor
configure:17517: result: yes
configure:17521: checking whether AVX2 is supported by the processor and OS
configure:17534: result: yes
configure:17539: checking whether C++ compiler accepts -mavx2
configure:17558: g++ -c -std=c++11 -g -O2  -mavx2  conftest.cpp >&5
configure:17558: $? = 0
configure:17567: result: yes
configure:17504: checking whether AVX512-F is supported by the processor
configure:17517: result: no
configure:17504: checking whether AVX512-CD is supported by the processor
configure:17517: result: no
configure:17504: checking whether AVX512-PF is supported by the processor
configure:17517: result: no
configure:17504: checking whether AVX512-ER is supported by the processor
configure:17517: result: no
configure:17504: checking whether AVX512-VL is supported by the processor
configure:17517: result: no
configure:17504: checking whether AVX512-BW is supported by the processor
configure:17517: result: no
configure:17504: checking whether AVX512-DQ is supported by the processor
configure:17517: result: no
configure:17504: checking whether AVX512-IFMA is supported by the processor
configure:17517: result: no
configure:17504: checking whether AVX512-VBMI is supported by the processor
configure:17517: result: no
configure:17765: checking for __int128
configure:17765: g++ -c -std=c++11 -g -O2  conftest.cpp >&5
configure:17765: $? = 0
configure:17765: g++ -c -std=c++11 -g -O2  conftest.cpp >&5
conftest.cpp: In function 'int main()':
conftest.cpp:76:14: error: expected primary-expression before '__int128'
 if (sizeof ((__int128)))
              ^
conftest.cpp:76:14: error: expected ')' before '__int128'
conftest.cpp:77:14: error: expected ')' before ';' token
      return 0;
              ^
conftest.cpp:77:14: error: expected ')' before ';' token
configure:17765: $? = 1
configure: failed program was:
| /* confdefs.h */
| #define PACKAGE_NAME "jellyfish"
| #define PACKAGE_TARNAME "jellyfish"
| #define PACKAGE_VERSION "2.2.9"
| #define PACKAGE_STRING "jellyfish 2.2.9"
| #define PACKAGE_BUGREPORT "gmarcais@umd.edu"
| #define PACKAGE_URL ""
| #define PACKAGE "jellyfish"
| #define VERSION "2.2.9"
| #define STDC_HEADERS 1
| #define HAVE_SYS_TYPES_H 1
| #define HAVE_SYS_STAT_H 1
| #define HAVE_STDLIB_H 1
| #define HAVE_STRING_H 1
| #define HAVE_MEMORY_H 1
| #define HAVE_STRINGS_H 1
| #define HAVE_INTTYPES_H 1
| #define HAVE_STDINT_H 1
| #define HAVE_UNISTD_H 1
| #define HAVE_DLFCN_H 1
| #define LT_OBJDIR ".libs/"
| #define HAVE_RDRND 1
| #define HAVE_BMI1 1
| #define HAVE_BMI2 1
| #define HAVE_ADX 1
| #define HAVE_MPX 1
| #define HAVE_ABM 1
| #define HAVE_MMX 1
| #define HAVE_SSE 1
| #define HAVE_SSE2 1
| #define HAVE_SSE3 1
| #define HAVE_SSSE3 1
| #define HAVE_SSE4_1 1
| #define HAVE_SSE4_2 1
| #define HAVE_AES 1
| #define HAVE_AVX 1
| #define HAVE_FMA3 1
| #define HAVE_AVX2 1
| /* end confdefs.h.  */
| #include <stdio.h>
| #ifdef HAVE_SYS_TYPES_H
| # include <sys/types.h>
| #endif
| #ifdef HAVE_SYS_STAT_H
| # include <sys/stat.h>
| #endif
| #ifdef STDC_HEADERS
| # include <stdlib.h>
| # include <stddef.h>
| #else
| # ifdef HAVE_STDLIB_H
| #  include <stdlib.h>
| # endif
| #endif
| #ifdef HAVE_STRING_H
| # if !defined STDC_HEADERS && defined HAVE_MEMORY_H
| #  include <memory.h>
| # endif
| # include <string.h>
| #endif
| #ifdef HAVE_STRINGS_H
| # include <strings.h>
| #endif
| #ifdef HAVE_INTTYPES_H
| # include <inttypes.h>
| #endif
| #ifdef HAVE_STDINT_H
| # include <stdint.h>
| #endif
| #ifdef HAVE_UNISTD_H
| # include <unistd.h>
| #endif
| int
| main ()
| {
| if (sizeof ((__int128)))
| 	    return 0;
|   ;
|   return 0;
| }
configure:17765: result: yes
configure:17772: checking for std::numeric_limits<__int128>
configure:17786: g++ -c -std=c++11 -g -O2  conftest.cpp >&5
conftest.cpp: In function 'int main()':
conftest.cpp:46:1: error: incomplete type 'StaticAssert<false>' used in nested name specifier
 StaticAssert<std::numeric_limits<__int128>::is_specialized>::assert();
 ^
configure:17786: $? = 1
configure: failed program was:
| /* confdefs.h */
| #define PACKAGE_NAME "jellyfish"
| #define PACKAGE_TARNAME "jellyfish"
| #define PACKAGE_VERSION "2.2.9"
| #define PACKAGE_STRING "jellyfish 2.2.9"
| #define PACKAGE_BUGREPORT "gmarcais@umd.edu"
| #define PACKAGE_URL ""
| #define PACKAGE "jellyfish"
| #define VERSION "2.2.9"
| #define STDC_HEADERS 1
| #define HAVE_SYS_TYPES_H 1
| #define HAVE_SYS_STAT_H 1
| #define HAVE_STDLIB_H 1
| #define HAVE_STRING_H 1
| #define HAVE_MEMORY_H 1
| #define HAVE_STRINGS_H 1
| #define HAVE_INTTYPES_H 1
| #define HAVE_STDINT_H 1
| #define HAVE_UNISTD_H 1
| #define HAVE_DLFCN_H 1
| #define LT_OBJDIR ".libs/"
| #define HAVE_RDRND 1
| #define HAVE_BMI1 1
| #define HAVE_BMI2 1
| #define HAVE_ADX 1
| #define HAVE_MPX 1
| #define HAVE_ABM 1
| #define HAVE_MMX 1
| #define HAVE_SSE 1
| #define HAVE_SSE2 1
| #define HAVE_SSE3 1
| #define HAVE_SSSE3 1
| #define HAVE_SSE4_1 1
| #define HAVE_SSE4_2 1
| #define HAVE_AES 1
| #define HAVE_AVX 1
| #define HAVE_FMA3 1
| #define HAVE_AVX2 1
| #define HAVE_INT128 1
| /* end confdefs.h.  */
| #include <limits>
|                                             template<bool> struct StaticAssert; template<> struct StaticAssert<true> { static void assert() { } };
| int
| main ()
| {
| StaticAssert<std::numeric_limits<__int128>::is_specialized>::assert();
|   ;
|   return 0;
| }
configure:17793: result: no
configure:17800: checking for _NSGetExecutablePath
configure:17813: g++ -o conftest -std=c++11 -g -O2   conftest.cpp  >&5
conftest.cpp:41:25: fatal error: mach-o/dyld.h: No such file or directory
compilation terminated.
configure:17813: $? = 1
configure: failed program was:
| /* confdefs.h */
| #define PACKAGE_NAME "jellyfish"
| #define PACKAGE_TARNAME "jellyfish"
| #define PACKAGE_VERSION "2.2.9"
| #define PACKAGE_STRING "jellyfish 2.2.9"
| #define PACKAGE_BUGREPORT "gmarcais@umd.edu"
| #define PACKAGE_URL ""
| #define PACKAGE "jellyfish"
| #define VERSION "2.2.9"
| #define STDC_HEADERS 1
| #define HAVE_SYS_TYPES_H 1
| #define HAVE_SYS_STAT_H 1
| #define HAVE_STDLIB_H 1
| #define HAVE_STRING_H 1
| #define HAVE_MEMORY_H 1
| #define HAVE_STRINGS_H 1
| #define HAVE_INTTYPES_H 1
| #define HAVE_STDINT_H 1
| #define HAVE_UNISTD_H 1
| #define HAVE_DLFCN_H 1
| #define LT_OBJDIR ".libs/"
| #define HAVE_RDRND 1
| #define HAVE_BMI1 1
| #define HAVE_BMI2 1
| #define HAVE_ADX 1
| #define HAVE_MPX 1
| #define HAVE_ABM 1
| #define HAVE_MMX 1
| #define HAVE_SSE 1
| #define HAVE_SSE2 1
| #define HAVE_SSE3 1
| #define HAVE_SSSE3 1
| #define HAVE_SSE4_1 1
| #define HAVE_SSE4_2 1
| #define HAVE_AES 1
| #define HAVE_AVX 1
| #define HAVE_FMA3 1
| #define HAVE_AVX2 1
| #define HAVE_INT128 1
| /* end confdefs.h.  */
| #include <mach-o/dyld.h>
| int
| main ()
| {
| _NSGetExecutablePath(0, 0);
|   ;
|   return 0;
| }
configure:17820: result: no
configure:17832: checking for execinfo.h
configure:17832: g++ -c -std=c++11 -g -O2  conftest.cpp >&5
configure:17832: $? = 0
configure:17832: result: yes
configure:17832: checking for ext/stdio_filebuf.h
configure:17832: g++ -c -std=c++11 -g -O2  conftest.cpp >&5
configure:17832: $? = 0
configure:17832: result: yes
configure:17832: checking for sys/syscall.h
configure:17832: g++ -c -std=c++11 -g -O2  conftest.cpp >&5
configure:17832: $? = 0
configure:17832: result: yes
configure:17850: checking for siginfo_t.si_int
configure:17850: g++ -c -std=c++11 -g -O2  conftest.cpp >&5
configure:17850: $? = 0
configure:17850: result: yes
configure:18824: checking that generated files are newer than configure
configure:18830: result: done
configure:18877: creating ./config.status

## ---------------------- ##
## Running config.status. ##
## ---------------------- ##

This file was extended by jellyfish config.status 2.2.9, which was
generated by GNU Autoconf 2.69.  Invocation command line was

  CONFIG_FILES    = 
  CONFIG_HEADERS  = 
  CONFIG_LINKS    = 
  CONFIG_COMMANDS = 
  $ ./config.status 

on anatoliy-X556UQ

config.status:1217: creating Makefile
config.status:1217: creating tests/compat.sh
config.status:1217: creating jellyfish-2.0.pc
config.status:1217: creating config.h
config.status:1446: executing depfiles commands
config.status:1446: executing libtool commands

## ---------------- ##
## Cache variables. ##
## ---------------- ##

ac_cv_build=x86_64-pc-linux-gnu
ac_cv_c_compiler_gnu=yes
ac_cv_cxx_compiler_gnu=yes
ac_cv_env_CCC_set=
ac_cv_env_CCC_value=
ac_cv_env_CC_set=
ac_cv_env_CC_value=
ac_cv_env_CFLAGS_set=
ac_cv_env_CFLAGS_value=
ac_cv_env_CPPFLAGS_set=
ac_cv_env_CPPFLAGS_value=
ac_cv_env_CPP_set=
ac_cv_env_CPP_value=
ac_cv_env_CXXCPP_set=
ac_cv_env_CXXCPP_value=
ac_cv_env_CXXFLAGS_set=
ac_cv_env_CXXFLAGS_value=
ac_cv_env_CXX_set=
ac_cv_env_CXX_value=
ac_cv_env_HTSLIB_CFLAGS_set=
ac_cv_env_HTSLIB_CFLAGS_value=
ac_cv_env_HTSLIB_LIBS_set=
ac_cv_env_HTSLIB_LIBS_value=
ac_cv_env_LDFLAGS_set=
ac_cv_env_LDFLAGS_value=
ac_cv_env_LIBS_set=
ac_cv_env_LIBS_value=
ac_cv_env_LT_SYS_LIBRARY_PATH_set=
ac_cv_env_LT_SYS_LIBRARY_PATH_value=
ac_cv_env_MD5_set=
ac_cv_env_MD5_value=
ac_cv_env_PERL_EXT_CPPFLAGS_set=
ac_cv_env_PERL_EXT_CPPFLAGS_value=
ac_cv_env_PERL_EXT_INC_set=
ac_cv_env_PERL_EXT_INC_value=
ac_cv_env_PERL_EXT_LDFLAGS_set=
ac_cv_env_PERL_EXT_LDFLAGS_value=
ac_cv_env_PERL_EXT_LIB_set=
ac_cv_env_PERL_EXT_LIB_value=
ac_cv_env_PERL_EXT_PREFIX_set=
ac_cv_env_PERL_EXT_PREFIX_value=
ac_cv_env_PKG_CONFIG_LIBDIR_set=
ac_cv_env_PKG_CONFIG_LIBDIR_value=
ac_cv_env_PKG_CONFIG_PATH_set=
ac_cv_env_PKG_CONFIG_PATH_value=
ac_cv_env_PKG_CONFIG_set=
ac_cv_env_PKG_CONFIG_value=
ac_cv_env_PYTHON_VERSION_set=
ac_cv_env_PYTHON_VERSION_value=
ac_cv_env_RUBY_set=
ac_cv_env_RUBY_value=
ac_cv_env_SAMTOOLS_set=
ac_cv_env_SAMTOOLS_value=
ac_cv_env_VALGRIND_CFLAGS_set=
ac_cv_env_VALGRIND_CFLAGS_value=
ac_cv_env_VALGRIND_LIBS_set=
ac_cv_env_VALGRIND_LIBS_value=
ac_cv_env_YAGGO_set=
ac_cv_env_YAGGO_value=
ac_cv_env_build_alias_set=
ac_cv_env_build_alias_value=
ac_cv_env_host_alias_set=
ac_cv_env_host_alias_value=
ac_cv_env_target_alias_set=
ac_cv_env_target_alias_value=
ac_cv_header_dlfcn_h=yes
ac_cv_header_execinfo_h=yes
ac_cv_header_ext_stdio_filebuf_h=yes
ac_cv_header_inttypes_h=yes
ac_cv_header_memory_h=yes
ac_cv_header_stdc=yes
ac_cv_header_stdint_h=yes
ac_cv_header_stdlib_h=yes
ac_cv_header_string_h=yes
ac_cv_header_strings_h=yes
ac_cv_header_sys_stat_h=yes
ac_cv_header_sys_syscall_h=yes
ac_cv_header_sys_types_h=yes
ac_cv_header_unistd_h=yes
ac_cv_host=x86_64-pc-linux-gnu
ac_cv_member_siginfo_t_si_int=yes
ac_cv_objext=o
ac_cv_path_EGREP='/bin/grep -E'
ac_cv_path_FGREP='/bin/grep -F'
ac_cv_path_GREP=/bin/grep
ac_cv_path_SED=/bin/sed
ac_cv_path_YAGGO=false
ac_cv_path_ac_pt_PKG_CONFIG=/usr/bin/pkg-config
ac_cv_path_install='/usr/bin/install -c'
ac_cv_path_lt_DD=/bin/dd
ac_cv_path_mkdir=/bin/mkdir
ac_cv_prog_AWK=gawk
ac_cv_prog_CPP='gcc -E'
ac_cv_prog_CXXCPP='g++ -E'
ac_cv_prog_MD5=md5sum
ac_cv_prog_ac_ct_AR=ar
ac_cv_prog_ac_ct_CC=gcc
ac_cv_prog_ac_ct_CXX=g++
ac_cv_prog_ac_ct_MANIFEST_TOOL=mt
ac_cv_prog_ac_ct_OBJDUMP=objdump
ac_cv_prog_ac_ct_RANLIB=ranlib
ac_cv_prog_ac_ct_STRIP=strip
ac_cv_prog_cc_c89=
ac_cv_prog_cc_g=yes
ac_cv_prog_cxx_g=yes
ac_cv_prog_make_make_set=yes
ac_cv_type___int128=yes
acl_cv_hardcode_direct=no
acl_cv_hardcode_libdir_flag_spec='${wl}-rpath ${wl}$libdir'
acl_cv_hardcode_libdir_separator=
acl_cv_hardcode_minus_L=no
acl_cv_libext=a
acl_cv_path_LD='/usr/bin/ld -m elf_x86_64'
acl_cv_prog_gnu_ld=yes
acl_cv_rpath=done
acl_cv_shlibext=so
acl_cv_wl=-Wl,
am_cv_CC_dependencies_compiler_type=gcc3
am_cv_CXX_dependencies_compiler_type=gcc3
am_cv_make_support_nested_variables=yes
am_cv_prog_cc_c_o=yes
ax_cv_check_cxxflags___mabm=yes
ax_cv_check_cxxflags___madx=yes
ax_cv_check_cxxflags___maes=yes
ax_cv_check_cxxflags___mavx2=yes
ax_cv_check_cxxflags___mavx=yes
ax_cv_check_cxxflags___mbmi2=yes
ax_cv_check_cxxflags___mbmi=yes
ax_cv_check_cxxflags___mfma=yes
ax_cv_check_cxxflags___mmmx=yes
ax_cv_check_cxxflags___mmpx=yes
ax_cv_check_cxxflags___mrdrnd=yes
ax_cv_check_cxxflags___msse2=yes
ax_cv_check_cxxflags___msse3=yes
ax_cv_check_cxxflags___msse4_1=yes
ax_cv_check_cxxflags___msse4_2=yes
ax_cv_check_cxxflags___msse=yes
ax_cv_check_cxxflags___mssse3=yes
ax_cv_gcc_x86_avx_xgetbv_0x00000000=1f:0
ax_cv_gcc_x86_avx_xgetbv_=unknown
ax_cv_gcc_x86_cpuid_0x00000000=16:756e6547:6c65746e:49656e69
ax_cv_gcc_x86_cpuid_0x00000001=406e3:3100800:7ffafbbf:bfebfbff
ax_cv_gcc_x86_cpuid_0x00000007=0:29c67af:0:0
ax_cv_gcc_x86_cpuid_0x80000000=80000008:0:0:0
ax_cv_gcc_x86_cpuid_0x80000001=0:0:121:2c100800
ax_cv_gcc_x86_cpuid_=unknown
ax_cv_have_abm_cpu_ext=yes
ax_cv_have_abm_ext=yes
ax_cv_have_adx_cpu_ext=yes
ax_cv_have_adx_ext=yes
ax_cv_have_aes_cpu_ext=yes
ax_cv_have_aes_ext=yes
ax_cv_have_avx2_cpu_ext=yes
ax_cv_have_avx2_ext=yes
ax_cv_have_avx512_os_support_ext=no
ax_cv_have_avx512bw_cpu_ext=no
ax_cv_have_avx512bw_ext=no
ax_cv_have_avx512cd_cpu_ext=no
ax_cv_have_avx512cd_ext=no
ax_cv_have_avx512dq_cpu_ext=no
ax_cv_have_avx512dq_ext=no
ax_cv_have_avx512er_cpu_ext=no
ax_cv_have_avx512er_ext=no
ax_cv_have_avx512f_cpu_ext=no
ax_cv_have_avx512f_ext=no
ax_cv_have_avx512ifma_cpu_ext=no
ax_cv_have_avx512ifma_ext=no
ax_cv_have_avx512pf_cpu_ext=no
ax_cv_have_avx512pf_ext=no
ax_cv_have_avx512vbmi_cpu_ext=no
ax_cv_have_avx512vbmi_ext=no
ax_cv_have_avx512vl_cpu_ext=no
ax_cv_have_avx512vl_ext=no
ax_cv_have_avx_cpu_ext=yes
ax_cv_have_avx_ext=yes
ax_cv_have_avx_os_support_ext=yes
ax_cv_have_bmi1_cpu_ext=yes
ax_cv_have_bmi1_ext=yes
ax_cv_have_bmi2_cpu_ext=yes
ax_cv_have_bmi2_ext=yes
ax_cv_have_fma3_cpu_ext=yes
ax_cv_have_fma3_ext=yes
ax_cv_have_fma4_cpu_ext=no
ax_cv_have_fma4_ext=no
ax_cv_have_mmx_cpu_ext=yes
ax_cv_have_mmx_ext=yes
ax_cv_have_mmx_os_support_ext=yes
ax_cv_have_mpx_cpu_ext=yes
ax_cv_have_mpx_ext=yes
ax_cv_have_none_os_support_ext=yes
ax_cv_have_prefetchwt1_cpu_ext=no
ax_cv_have_prefetchwt1_ext=no
ax_cv_have_rdrnd_cpu_ext=yes
ax_cv_have_rdrnd_ext=yes
ax_cv_have_sha_cpu_ext=no
ax_cv_have_sha_ext=no
ax_cv_have_sse2_cpu_ext=yes
ax_cv_have_sse2_ext=yes
ax_cv_have_sse3_cpu_ext=yes
ax_cv_have_sse3_ext=yes
ax_cv_have_sse41_cpu_ext=yes
ax_cv_have_sse41_ext=yes
ax_cv_have_sse42_cpu_ext=yes
ax_cv_have_sse42_ext=yes
ax_cv_have_sse4a_cpu_ext=no
ax_cv_have_sse4a_ext=no
ax_cv_have_sse_cpu_ext=yes
ax_cv_have_sse_ext=yes
ax_cv_have_sse_os_support_ext=yes
ax_cv_have_ssse3_cpu_ext=yes
ax_cv_have_ssse3_ext=yes
ax_cv_have_xop_cpu_ext=no
ax_cv_have_xop_ext=no
ax_cv_support_abm_ext=yes
ax_cv_support_adx_ext=yes
ax_cv_support_aes_ext=yes
ax_cv_support_avx2_ext=yes
ax_cv_support_avx512bw_ext=no
ax_cv_support_avx512cd_ext=no
ax_cv_support_avx512dq_ext=no
ax_cv_support_avx512er_ext=no
ax_cv_support_avx512f_ext=no
ax_cv_support_avx512ifma_ext=no
ax_cv_support_avx512pf_ext=no
ax_cv_support_avx512vbmi_ext=no
ax_cv_support_avx512vl_ext=no
ax_cv_support_avx_ext=yes
ax_cv_support_bmi1_ext=yes
ax_cv_support_bmi2_ext=yes
ax_cv_support_fma3_ext=yes
ax_cv_support_fma4_ext=no
ax_cv_support_mmx_ext=yes
ax_cv_support_mpx_ext=yes
ax_cv_support_prefetchwt1_ext=no
ax_cv_support_rdrnd_ext=yes
ax_cv_support_sha_ext=no
ax_cv_support_sse2_ext=yes
ax_cv_support_sse3_ext=yes
ax_cv_support_sse41_ext=yes
ax_cv_support_sse42_ext=yes
ax_cv_support_sse4a_ext=no
ax_cv_support_sse_ext=yes
ax_cv_support_ssse3_ext=yes
ax_cv_support_xop_ext=no
lt_cv_ar_at_file=@
lt_cv_archive_cmds_need_lc=no
lt_cv_deplibs_check_method=pass_all
lt_cv_file_magic_cmd='$MAGIC_CMD'
lt_cv_file_magic_test_file=
lt_cv_ld_reload_flag=-r
lt_cv_nm_interface='BSD nm'
lt_cv_objdir=.libs
lt_cv_path_LD=/usr/bin/ld
lt_cv_path_LDCXX='/usr/bin/ld -m elf_x86_64'
lt_cv_path_NM='/usr/bin/nm -B'
lt_cv_path_mainfest_tool=no
lt_cv_prog_compiler_c_o=yes
lt_cv_prog_compiler_c_o_CXX=yes
lt_cv_prog_compiler_pic='-fPIC -DPIC'
lt_cv_prog_compiler_pic_CXX='-fPIC -DPIC'
lt_cv_prog_compiler_pic_works=yes
lt_cv_prog_compiler_pic_works_CXX=yes
lt_cv_prog_compiler_rtti_exceptions=no
lt_cv_prog_compiler_static_works=yes
lt_cv_prog_compiler_static_works_CXX=yes
lt_cv_prog_gnu_ld=yes
lt_cv_prog_gnu_ldcxx=yes
lt_cv_sharedlib_from_linklib_cmd='printf %s\n'
lt_cv_shlibpath_overrides_runpath=no
lt_cv_sys_global_symbol_pipe='sed -n -e '\''s/^.*[	 ]\([ABCDGIRSTW][ABCDGIRSTW]*\)[	 ][	 ]*\([_A-Za-z][_A-Za-z0-9]*\)$/\1 \2 \2/p'\'' | sed '\''/ __gnu_lto/d'\'''
lt_cv_sys_global_symbol_to_c_name_address='sed -n -e '\''s/^: \(.*\) .*$/  {"\1", (void *) 0},/p'\'' -e '\''s/^[ABCDGIRSTW][ABCDGIRSTW]* .* \(.*\)$/  {"\1", (void *) \&\1},/p'\'''
lt_cv_sys_global_symbol_to_c_name_address_lib_prefix='sed -n -e '\''s/^: \(.*\) .*$/  {"\1", (void *) 0},/p'\'' -e '\''s/^[ABCDGIRSTW][ABCDGIRSTW]* .* \(lib.*\)$/  {"\1", (void *) \&\1},/p'\'' -e '\''s/^[ABCDGIRSTW][ABCDGIRSTW]* .* \(.*\)$/  {"lib\1", (void *) \&\1},/p'\'''
lt_cv_sys_global_symbol_to_cdecl='sed -n -e '\''s/^T .* \(.*\)$/extern int \1();/p'\'' -e '\''s/^[ABCDGIRSTW][ABCDGIRSTW]* .* \(.*\)$/extern char \1;/p'\'''
lt_cv_sys_global_symbol_to_import=
lt_cv_sys_max_cmd_len=1572864
lt_cv_to_host_file_cmd=func_convert_file_noop
lt_cv_to_tool_file_cmd=func_convert_file_noop
lt_cv_truncate_bin='/bin/dd bs=4096 count=1'

## ----------------- ##
## Output variables. ##
## ----------------- ##

ACLOCAL='${SHELL} /home/anatoliy/Documents/Dna/jellyfish-2.2.9/missing aclocal-1.15'
AMDEPBACKSLASH='\'
AMDEP_FALSE='#'
AMDEP_TRUE=''
AMTAR='$${TAR-tar}'
AM_BACKSLASH='\'
AM_DEFAULT_V='$(AM_DEFAULT_VERBOSITY)'
AM_DEFAULT_VERBOSITY='0'
AM_V='$(V)'
AR='ar'
AUTOCONF='${SHELL} /home/anatoliy/Documents/Dna/jellyfish-2.2.9/missing autoconf'
AUTOHEADER='${SHELL} /home/anatoliy/Documents/Dna/jellyfish-2.2.9/missing autoheader'
AUTOMAKE='${SHELL} /home/anatoliy/Documents/Dna/jellyfish-2.2.9/missing automake-1.15'
AWK='gawk'
CC='gcc'
CCDEPMODE='depmode=gcc3'
CFLAGS='-g -O2'
CPP='gcc -E'
CPPFLAGS=''
CPUEXT_FLAGS=' -mrdrnd -mbmi -mbmi2 -madx -mmpx -mabm'
CXX='g++'
CXXCPP='g++ -E'
CXXDEPMODE='depmode=gcc3'
CXXFLAGS='-std=c++11 -g -O2'
CYGPATH_W='echo'
DEFS='-DHAVE_CONFIG_H'
DEPDIR='.deps'
DLLTOOL='false'
DSYMUTIL=''
DUMPBIN=''
ECHO_C=''
ECHO_N='-n'
ECHO_T=''
EGREP='/bin/grep -E'
EXEEXT=''
FGREP='/bin/grep -F'
GREP='/bin/grep'
HAVE_SWIG_FALSE=''
HAVE_SWIG_TRUE='#'
HTSLIB_CFLAGS=''
HTSLIB_LIBS=''
HTSLIB_RPATH=''
INSTALL_DATA='${INSTALL} -m 644'
INSTALL_PROGRAM='${INSTALL}'
INSTALL_SCRIPT='${INSTALL}'
INSTALL_STRIP_PROGRAM='$(install_sh) -c -s'
LD='/usr/bin/ld -m elf_x86_64'
LDFLAGS=''
LIBOBJS=''
LIBS=''
LIBTOOL='$(SHELL) $(top_builddir)/libtool'
LIPO=''
LN_S='ln -s'
LTLIBOBJS=''
LT_SYS_LIBRARY_PATH=''
MAKEINFO='${SHELL} /home/anatoliy/Documents/Dna/jellyfish-2.2.9/missing makeinfo'
MANIFEST_TOOL=':'
MD5='md5sum'
MKDIR_P='/bin/mkdir -p'
NM='/usr/bin/nm -B'
NMEDIT=''
OBJDUMP='objdump'
OBJEXT='o'
OTOOL64=''
OTOOL=''
PACKAGE='jellyfish'
PACKAGE_BUGREPORT='gmarcais@umd.edu'
PACKAGE_LIB='2.0'
PACKAGE_NAME='jellyfish'
PACKAGE_STRING='jellyfish 2.2.9'
PACKAGE_TARNAME='jellyfish'
PACKAGE_URL=''
PACKAGE_VERSION='2.2.9'
PATH_SEPARATOR=':'
PERL=''
PERL_BINDING_FALSE=''
PERL_BINDING_TRUE='#'
PERL_EXT_CPPFLAGS=''
PERL_EXT_INC=''
PERL_EXT_LDFLAGS=''
PERL_EXT_LIB=''
PERL_EXT_PREFIX=''
PKG_CONFIG='/usr/bin/pkg-config'
PKG_CONFIG_LIBDIR=''
PKG_CONFIG_PATH=''
PYTHON=''
PYTHON_BINDING_FALSE=''
PYTHON_BINDING_TRUE='#'
PYTHON_CPPFLAGS=''
PYTHON_DEPRECATED_FALSE='#'
PYTHON_DEPRECATED_TRUE=''
PYTHON_EXTRA_LDFLAGS=''
PYTHON_EXTRA_LIBS=''
PYTHON_LDFLAGS=''
PYTHON_SITE_PKG=''
PYTHON_VERSION=''
RANLIB='ranlib'
RUBY=''
RUBY_BINDING_FALSE=''
RUBY_BINDING_TRUE='#'
RUBY_EXT_CFLAGS=''
RUBY_EXT_LDFLAGS=''
RUBY_EXT_LIB=''
RUBY_EXT_LIBS=''
RUBY_VERSION='ruby-2.4.1'
SAMTOOLS=''
SED='/bin/sed'
SET_MAKE=''
SHELL='/bin/bash'
SIMD_FLAGS=' -mmmx -msse -msse2 -msse3 -mssse3 -msse4.1 -msse4.2 -maes -mavx -mfma -mavx2'
STATIC_FLAGS=''
STRIP='strip'
SWIG=''
SWIG_LIB=''
VALGRIND_CFLAGS=''
VALGRIND_LIBS=''
VERSION='2.2.9'
YAGGO='false'
ac_ct_AR='ar'
ac_ct_CC='gcc'
ac_ct_CXX='g++'
ac_ct_DUMPBIN=''
am__EXEEXT_FALSE=''
am__EXEEXT_TRUE='#'
am__fastdepCC_FALSE='#'
am__fastdepCC_TRUE=''
am__fastdepCXX_FALSE='#'
am__fastdepCXX_TRUE=''
am__include='include'
am__isrc=''
am__leading_dot='.'
am__nodep='_no'
am__quote=''
am__tar='$${TAR-tar} chof - "$$tardir"'
am__untar='$${TAR-tar} xf -'
bindir='${exec_prefix}/bin'
build='x86_64-pc-linux-gnu'
build_alias=''
build_cpu='x86_64'
build_os='linux-gnu'
build_vendor='pc'
datadir='${datarootdir}'
datarootdir='${prefix}/share'
docdir='${datarootdir}/doc/${PACKAGE_TARNAME}'
dvidir='${docdir}'
exec_prefix='${prefix}'
host='x86_64-pc-linux-gnu'
host_alias=''
host_cpu='x86_64'
host_os='linux-gnu'
host_vendor='pc'
htmldir='${docdir}'
includedir='${prefix}/include'
infodir='${datarootdir}/info'
install_sh='${SHELL} /home/anatoliy/Documents/Dna/jellyfish-2.2.9/install-sh'
libdir='${exec_prefix}/lib'
libexecdir='${exec_prefix}/libexec'
localedir='${datarootdir}/locale'
localstatedir='${prefix}/var'
mandir='${datarootdir}/man'
mkdir_p='$(MKDIR_P)'
oldincludedir='/usr/include'
pdfdir='${docdir}'
prefix='/usr/local'
program_transform_name='s,x,x,'
psdir='${docdir}'
sbindir='${exec_prefix}/sbin'
sharedstatedir='${prefix}/com'
sysconfdir='${prefix}/etc'
target_alias=''

## ----------- ##
## confdefs.h. ##
## ----------- ##

/* confdefs.h */
#define PACKAGE_NAME "jellyfish"
#define PACKAGE_TARNAME "jellyfish"
#define PACKAGE_VERSION "2.2.9"
#define PACKAGE_STRING "jellyfish 2.2.9"
#define PACKAGE_BUGREPORT "gmarcais@umd.edu"
#define PACKAGE_URL ""
#define PACKAGE "jellyfish"
#define VERSION "2.2.9"
#define STDC_HEADERS 1
#define HAVE_SYS_TYPES_H 1
#define HAVE_SYS_STAT_H 1
#define HAVE_STDLIB_H 1
#define HAVE_STRING_H 1
#define HAVE_MEMORY_H 1
#define HAVE_STRINGS_H 1
#define HAVE_INTTYPES_H 1
#define HAVE_STDINT_H 1
#define HAVE_UNISTD_H 1
#define HAVE_DLFCN_H 1
#define LT_OBJDIR ".libs/"
#define HAVE_RDRND 1
#define HAVE_BMI1 1
#define HAVE_BMI2 1
#define HAVE_ADX 1
#define HAVE_MPX 1
#define HAVE_ABM 1
#define HAVE_MMX 1
#define HAVE_SSE 1
#define HAVE_SSE2 1
#define HAVE_SSE3 1
#define HAVE_SSSE3 1
#define HAVE_SSE4_1 1
#define HAVE_SSE4_2 1
#define HAVE_AES 1
#define HAVE_AVX 1
#define HAVE_FMA3 1
#define HAVE_AVX2 1
#define HAVE_INT128 1
#define HAVE_EXECINFO_H 1
#define HAVE_EXT_STDIO_FILEBUF_H 1
#define HAVE_SYS_SYSCALL_H 1
#define HAVE_SI_INT 1

configure: exit 0
